[   24969ms] ReferenceError: digitalData is not defined
    at triggerSearchFlight (<anonymous>:5:78)
    at <anonymous>:1:24
    at https://www.googletagmanager.com/gtm.js?id=GTM-WMNLP53:1011:429
    at sR (https://www.googletagmanager.com/gtm.js?id=GTM-WMNLP53:1013:31)
    at Nd.rR (https://www.googletagmanager.com/gtm.js?id=GTM-WMNLP53:1010:92)
    at Nd.<anonymous> (https://www.googletagmanager.com/gtm.js?id=GTM-WMNLP53:391:187)
    at k.apply (https://www.googletagmanager.com/gtm.js?id=GTM-WMNLP53:315:466)
    at hb (https://www.googletagmanager.com/gtm.js?id=GTM-WMNLP53:279:719)
    at gb (https://www.googletagmanager.com/gtm.js?id=GTM-WMNLP53:279:470)
    at Nd.<anonymous> (https://www.googletagmanager.com/gtm.js?id=GTM-WMNLP53:339:473)
[   24971ms] Uncaught [object Object]
    at error (https://www.googletagmanager.com/gtm.js?id=GTM-WMNLP53:241:503)
    at c.l.onerror (https://www.googletagmanager.com/gtm.js?id=GTM-WMNLP53:250:160)
    at <anonymous> (https://www.googletagmanager.com/gtm.js?id=GTM-WMNLP53:1010:428)
    at sR (https://www.googletagmanager.com/gtm.js?id=GTM-WMNLP53:1012:30)
    at rR (https://www.googletagmanager.com/gtm.js?id=GTM-WMNLP53:1009:91)
    at <anonymous> (https://www.googletagmanager.com/gtm.js?id=GTM-WMNLP53:390:186)
    at k.apply (https://www.googletagmanager.com/gtm.js?id=GTM-WMNLP53:314:465)
    at hb (https://www.googletagmanager.com/gtm.js?id=GTM-WMNLP53:278:718)
    at gb (https://www.googletagmanager.com/gtm.js?id=GTM-WMNLP53:278:469)
    at <anonymous> (https://www.googletagmanager.com/gtm.js?id=GTM-WMNLP53:338:472)
    at k.apply (https://www.googletagmanager.com/gtm.js?id=GTM-WMNLP53:314:465)
    at hb (https://www.googletagmanager.com/gtm.js?id=GTM-WMNLP53:278:718)
    at k.Bq (https://www.googletagmanager.com/gtm.js?id=GTM-WMNLP53:278:1285)
    at tf (https://www.googletagmanager.com/gtm.js?id=GTM-WMNLP53:349:959)
    at <anonymous> (https://www.googletagmanager.com/gtm.js?id=GTM-WMNLP53:841:314)
    at Bg (https://www.googletagmanager.com/gtm.js?id=GTM-WMNLP53:372:12)
    at e (https://www.googletagmanager.com/gtm.js?id=GTM-WMNLP53:779:317)
    at <anonymous> (https://www.googletagmanager.com/gtm.js?id=GTM-WMNLP53:283:124)
    at <anonymous> (https://www.googletagmanager.com/gtm.js?id=GTM-WMNLP53:781:60)
    at <anonymous> (https://www.googletagmanager.com/gtm.js?id=GTM-WMNLP53:780:258)
    at hB (https://www.googletagmanager.com/gtm.js?id=GTM-WMNLP53:781:520)
    at lB (https://www.googletagmanager.com/gtm.js?id=GTM-WMNLP53:786:43)
    at EC (https://www.googletagmanager.com/gtm.js?id=GTM-WMNLP53:814:326)
    at HC.b.push (https://www.googletagmanager.com/gtm.js?id=GTM-WMNLP53:819:142)
    at HC.b.push (https://www.googletagmanager.com/gtag/destination?id=AW-11132776951&cx=c&gtm=4e63i0:679:2)
    at HC.b.push (https://www.googletagmanager.com/gtag/js?id=G-L93SPRDLBB&cx=c&gtm=4e63i0:785:2)
    at HC.b.push (https://www.googletagmanager.com/gtm.js?id=GTM-NK9GF644&gtm=4e63i0:586:2)
    at HC.b.push (https://www.googletagmanager.com/gtag/destination?id=AW-798771255&cx=c&gtm=4e63i0:643:2)
    at <anonymous> (https://www.googletagmanager.com/gtm.js?id=GTM-WMNLP53:819:408)
[   28529ms] [ERROR] Access to XMLHttpRequest at 'https://carrier.useinsider.com/y/v2/z' from origin 'https://www.vietnamairlines.com' has been blocked by CORS policy: Response to preflight request doesn't pass access control check: No 'Access-Control-Allow-Origin' header is present on the requested resource. @ https://www.vietnamairlines.com/vn/vi/:0
[   28529ms] [ERROR] Failed to load resource: net::ERR_FAILED @ https://carrier.useinsider.com/y/v2/z:0
[   29100ms] [ERROR] Access to XMLHttpRequest at 'https://hit.api.useinsider.com/hit' from origin 'https://www.vietnamairlines.com' has been blocked by CORS policy: No 'Access-Control-Allow-Origin' header is present on the requested resource. @ https://www.vietnamairlines.com/vn/vi/:0
[   29100ms] [ERROR] Failed to load resource: net::ERR_FAILED @ https://hit.api.useinsider.com/hit:0
[   29101ms] [ERROR] Access to XMLHttpRequest at 'https://hit.api.useinsider.com/hit' from origin 'https://www.vietnamairlines.com' has been blocked by CORS policy: No 'Access-Control-Allow-Origin' header is present on the requested resource. @ https://www.vietnamairlines.com/vn/vi/:0
[   29101ms] [ERROR] Failed to load resource: net::ERR_FAILED @ https://hit.api.useinsider.com/hit:0
[   33075ms] [WARNING] The resource https://www.vietnamairlines.com/content/dam/vna/vna-assets/global/images/header/header-left/NEO%20Avatar.png was preloaded using link preload but not used within a few seconds from the window's load event. Please make sure it has an appropriate `as` value and it is preloaded intentionally. @ https://www.vietnamairlines.com/vn/vi/:0
[   50181ms] [WARNING] PubSub already loaded, using existing version @ https://em-frontend-assets.airtrfx.com/components/em-cmp-lib-tracking/1.0.1/components/em-cmp-tracking/tracking.bundle.js:0
[   50496ms] [WARNING] Not sending pageview. iFrame Component @ https://em-frontend-assets.airtrfx.com/components/em-cmp-lib-tracking/1.0.1/components/em-cmp-tracking/tracking.bundle.js:0
[   52513ms] ReferenceError: $ is not defined
    at <anonymous>:1:1
    at https://www.googletagmanager.com/gtm.js?id=GTM-WMNLP53:1010:429
    at vR (https://www.googletagmanager.com/gtm.js?id=GTM-WMNLP53:1012:31)
    at Ld.uR (https://www.googletagmanager.com/gtm.js?id=GTM-WMNLP53:1009:92)
    at Ld.<anonymous> (https://www.googletagmanager.com/gtm.js?id=GTM-WMNLP53:391:187)
    at k.apply (https://www.googletagmanager.com/gtm.js?id=GTM-WMNLP53:315:466)
    at hb (https://www.googletagmanager.com/gtm.js?id=GTM-WMNLP53:279:719)
    at gb (https://www.googletagmanager.com/gtm.js?id=GTM-WMNLP53:279:470)
    at Ld.<anonymous> (https://www.googletagmanager.com/gtm.js?id=GTM-WMNLP53:339:473)
    at k.apply (https://www.googletagmanager.com/gtm.js?id=GTM-WMNLP53:315:466)
[   52514ms] ReferenceError: digitalData is not defined
    at triggerSearchFlight (<anonymous>:5:78)
    at <anonymous>:1:24
    at https://www.googletagmanager.com/gtm.js?id=GTM-WMNLP53:1010:429
    at vR (https://www.googletagmanager.com/gtm.js?id=GTM-WMNLP53:1012:31)
    at Ld.uR (https://www.googletagmanager.com/gtm.js?id=GTM-WMNLP53:1009:92)
    at Ld.<anonymous> (https://www.googletagmanager.com/gtm.js?id=GTM-WMNLP53:391:187)
    at k.apply (https://www.googletagmanager.com/gtm.js?id=GTM-WMNLP53:315:466)
    at hb (https://www.googletagmanager.com/gtm.js?id=GTM-WMNLP53:279:719)
    at gb (https://www.googletagmanager.com/gtm.js?id=GTM-WMNLP53:279:470)
    at Ld.<anonymous> (https://www.googletagmanager.com/gtm.js?id=GTM-WMNLP53:339:473)
[   56904ms] [WARNING] The resource https://www.vietnamairlines.com/content/dam/vna/vna-assets/global/images/header/header-left/NEO%20Avatar.png was preloaded using link preload but not used within a few seconds from the window's load event. Please make sure it has an appropriate `as` value and it is preloaded intentionally. @ https://www.vietnamairlines.com/vn/vi/:0
[   76468ms] [WARNING] The resource https://www.vietnamairlines.com/content/dam/vna/vna-assets/global/images/header/header-left/NEO%20Avatar.png was preloaded using link preload but not used within a few seconds from the window's load event. Please make sure it has an appropriate `as` value and it is preloaded intentionally. @ https://www.vietnamairlines.com/vn/vi/:0
[  136564ms] [WARNING] The resource https://www.vietnamairlines.com/content/dam/vna/vna-assets/global/images/header/header-left/NEO%20Avatar.png was preloaded using link preload but not used within a few seconds from the window's load event. Please make sure it has an appropriate `as` value and it is preloaded intentionally. @ https://www.vietnamairlines.com/vn/vi/:0
[  196505ms] [WARNING] The resource https://www.vietnamairlines.com/content/dam/vna/vna-assets/global/images/header/header-left/NEO%20Avatar.png was preloaded using link preload but not used within a few seconds from the window's load event. Please make sure it has an appropriate `as` value and it is preloaded intentionally. @ https://www.vietnamairlines.com/vn/vi/:0
[  256518ms] [WARNING] The resource https://www.vietnamairlines.com/content/dam/vna/vna-assets/global/images/header/header-left/NEO%20Avatar.png was preloaded using link preload but not used within a few seconds from the window's load event. Please make sure it has an appropriate `as` value and it is preloaded intentionally. @ https://www.vietnamairlines.com/vn/vi/:0
[  316663ms] [WARNING] The resource https://www.vietnamairlines.com/content/dam/vna/vna-assets/global/images/header/header-left/NEO%20Avatar.png was preloaded using link preload but not used within a few seconds from the window's load event. Please make sure it has an appropriate `as` value and it is preloaded intentionally. @ https://www.vietnamairlines.com/vn/vi/:0
[  324921ms] [WARNING] The resource https://www.vietnamairlines.com/content/dam/vna/vna-assets/global/images/header/header-left/NEO%20Avatar.png was preloaded using link preload but not used within a few seconds from the window's load event. Please make sure it has an appropriate `as` value and it is preloaded intentionally. @ https://www.vietnamairlines.com/vn/vi/:0
[  376513ms] [WARNING] The resource https://www.vietnamairlines.com/content/dam/vna/vna-assets/global/images/header/header-left/NEO%20Avatar.png was preloaded using link preload but not used within a few seconds from the window's load event. Please make sure it has an appropriate `as` value and it is preloaded intentionally. @ https://www.vietnamairlines.com/vn/vi/:0
[  436643ms] [WARNING] The resource https://www.vietnamairlines.com/content/dam/vna/vna-assets/global/images/header/header-left/NEO%20Avatar.png was preloaded using link preload but not used within a few seconds from the window's load event. Please make sure it has an appropriate `as` value and it is preloaded intentionally. @ https://www.vietnamairlines.com/vn/vi/:0
[  496544ms] [WARNING] The resource https://www.vietnamairlines.com/content/dam/vna/vna-assets/global/images/header/header-left/NEO%20Avatar.png was preloaded using link preload but not used within a few seconds from the window's load event. Please make sure it has an appropriate `as` value and it is preloaded intentionally. @ https://www.vietnamairlines.com/vn/vi/:0
[  556553ms] [WARNING] The resource https://www.vietnamairlines.com/content/dam/vna/vna-assets/global/images/header/header-left/NEO%20Avatar.png was preloaded using link preload but not used within a few seconds from the window's load event. Please make sure it has an appropriate `as` value and it is preloaded intentionally. @ https://www.vietnamairlines.com/vn/vi/:0
[  616542ms] [WARNING] The resource https://www.vietnamairlines.com/content/dam/vna/vna-assets/global/images/header/header-left/NEO%20Avatar.png was preloaded using link preload but not used within a few seconds from the window's load event. Please make sure it has an appropriate `as` value and it is preloaded intentionally. @ https://www.vietnamairlines.com/vn/vi/:0
[  624965ms] [WARNING] The resource https://www.vietnamairlines.com/content/dam/vna/vna-assets/global/images/header/header-left/NEO%20Avatar.png was preloaded using link preload but not used within a few seconds from the window's load event. Please make sure it has an appropriate `as` value and it is preloaded intentionally. @ https://www.vietnamairlines.com/vn/vi/:0
[  676649ms] [WARNING] The resource https://www.vietnamairlines.com/content/dam/vna/vna-assets/global/images/header/header-left/NEO%20Avatar.png was preloaded using link preload but not used within a few seconds from the window's load event. Please make sure it has an appropriate `as` value and it is preloaded intentionally. @ https://www.vietnamairlines.com/vn/vi/:0
[  736588ms] [WARNING] The resource https://www.vietnamairlines.com/content/dam/vna/vna-assets/global/images/header/header-left/NEO%20Avatar.png was preloaded using link preload but not used within a few seconds from the window's load event. Please make sure it has an appropriate `as` value and it is preloaded intentionally. @ https://www.vietnamairlines.com/vn/vi/:0
[  796766ms] [WARNING] The resource https://www.vietnamairlines.com/content/dam/vna/vna-assets/global/images/header/header-left/NEO%20Avatar.png was preloaded using link preload but not used within a few seconds from the window's load event. Please make sure it has an appropriate `as` value and it is preloaded intentionally. @ https://www.vietnamairlines.com/vn/vi/:0
[  856592ms] [WARNING] The resource https://www.vietnamairlines.com/content/dam/vna/vna-assets/global/images/header/header-left/NEO%20Avatar.png was preloaded using link preload but not used within a few seconds from the window's load event. Please make sure it has an appropriate `as` value and it is preloaded intentionally. @ https://www.vietnamairlines.com/vn/vi/:0
[  916711ms] [WARNING] The resource https://www.vietnamairlines.com/content/dam/vna/vna-assets/global/images/header/header-left/NEO%20Avatar.png was preloaded using link preload but not used within a few seconds from the window's load event. Please make sure it has an appropriate `as` value and it is preloaded intentionally. @ https://www.vietnamairlines.com/vn/vi/:0
[  924901ms] [WARNING] The resource https://www.vietnamairlines.com/content/dam/vna/vna-assets/global/images/header/header-left/NEO%20Avatar.png was preloaded using link preload but not used within a few seconds from the window's load event. Please make sure it has an appropriate `as` value and it is preloaded intentionally. @ https://www.vietnamairlines.com/vn/vi/:0
[  976628ms] [WARNING] The resource https://www.vietnamairlines.com/content/dam/vna/vna-assets/global/images/header/header-left/NEO%20Avatar.png was preloaded using link preload but not used within a few seconds from the window's load event. Please make sure it has an appropriate `as` value and it is preloaded intentionally. @ https://www.vietnamairlines.com/vn/vi/:0
[ 1036665ms] [WARNING] The resource https://www.vietnamairlines.com/content/dam/vna/vna-assets/global/images/header/header-left/NEO%20Avatar.png was preloaded using link preload but not used within a few seconds from the window's load event. Please make sure it has an appropriate `as` value and it is preloaded intentionally. @ https://www.vietnamairlines.com/vn/vi/:0
[ 1096681ms] [WARNING] The resource https://www.vietnamairlines.com/content/dam/vna/vna-assets/global/images/header/header-left/NEO%20Avatar.png was preloaded using link preload but not used within a few seconds from the window's load event. Please make sure it has an appropriate `as` value and it is preloaded intentionally. @ https://www.vietnamairlines.com/vn/vi/:0
[ 1156659ms] [WARNING] The resource https://www.vietnamairlines.com/content/dam/vna/vna-assets/global/images/header/header-left/NEO%20Avatar.png was preloaded using link preload but not used within a few seconds from the window's load event. Please make sure it has an appropriate `as` value and it is preloaded intentionally. @ https://www.vietnamairlines.com/vn/vi/:0
[ 1216849ms] [WARNING] The resource https://www.vietnamairlines.com/content/dam/vna/vna-assets/global/images/header/header-left/NEO%20Avatar.png was preloaded using link preload but not used within a few seconds from the window's load event. Please make sure it has an appropriate `as` value and it is preloaded intentionally. @ https://www.vietnamairlines.com/vn/vi/:0
[ 1224941ms] [WARNING] The resource https://www.vietnamairlines.com/content/dam/vna/vna-assets/global/images/header/header-left/NEO%20Avatar.png was preloaded using link preload but not used within a few seconds from the window's load event. Please make sure it has an appropriate `as` value and it is preloaded intentionally. @ https://www.vietnamairlines.com/vn/vi/:0
[ 1276686ms] [WARNING] The resource https://www.vietnamairlines.com/content/dam/vna/vna-assets/global/images/header/header-left/NEO%20Avatar.png was preloaded using link preload but not used within a few seconds from the window's load event. Please make sure it has an appropriate `as` value and it is preloaded intentionally. @ https://www.vietnamairlines.com/vn/vi/:0
[ 1336791ms] [WARNING] The resource https://www.vietnamairlines.com/content/dam/vna/vna-assets/global/images/header/header-left/NEO%20Avatar.png was preloaded using link preload but not used within a few seconds from the window's load event. Please make sure it has an appropriate `as` value and it is preloaded intentionally. @ https://www.vietnamairlines.com/vn/vi/:0
[ 1396729ms] [WARNING] The resource https://www.vietnamairlines.com/content/dam/vna/vna-assets/global/images/header/header-left/NEO%20Avatar.png was preloaded using link preload but not used within a few seconds from the window's load event. Please make sure it has an appropriate `as` value and it is preloaded intentionally. @ https://www.vietnamairlines.com/vn/vi/:0
[ 1456710ms] [WARNING] The resource https://www.vietnamairlines.com/content/dam/vna/vna-assets/global/images/header/header-left/NEO%20Avatar.png was preloaded using link preload but not used within a few seconds from the window's load event. Please make sure it has an appropriate `as` value and it is preloaded intentionally. @ https://www.vietnamairlines.com/vn/vi/:0
[ 1516883ms] [WARNING] The resource https://www.vietnamairlines.com/content/dam/vna/vna-assets/global/images/header/header-left/NEO%20Avatar.png was preloaded using link preload but not used within a few seconds from the window's load event. Please make sure it has an appropriate `as` value and it is preloaded intentionally. @ https://www.vietnamairlines.com/vn/vi/:0
[ 1524911ms] [WARNING] The resource https://www.vietnamairlines.com/content/dam/vna/vna-assets/global/images/header/header-left/NEO%20Avatar.png was preloaded using link preload but not used within a few seconds from the window's load event. Please make sure it has an appropriate `as` value and it is preloaded intentionally. @ https://www.vietnamairlines.com/vn/vi/:0
[ 1576748ms] [WARNING] The resource https://www.vietnamairlines.com/content/dam/vna/vna-assets/global/images/header/header-left/NEO%20Avatar.png was preloaded using link preload but not used within a few seconds from the window's load event. Please make sure it has an appropriate `as` value and it is preloaded intentionally. @ https://www.vietnamairlines.com/vn/vi/:0
[ 1636865ms] [WARNING] The resource https://www.vietnamairlines.com/content/dam/vna/vna-assets/global/images/header/header-left/NEO%20Avatar.png was preloaded using link preload but not used within a few seconds from the window's load event. Please make sure it has an appropriate `as` value and it is preloaded intentionally. @ https://www.vietnamairlines.com/vn/vi/:0
[ 1696737ms] [WARNING] The resource https://www.vietnamairlines.com/content/dam/vna/vna-assets/global/images/header/header-left/NEO%20Avatar.png was preloaded using link preload but not used within a few seconds from the window's load event. Please make sure it has an appropriate `as` value and it is preloaded intentionally. @ https://www.vietnamairlines.com/vn/vi/:0
[ 1756767ms] [WARNING] The resource https://www.vietnamairlines.com/content/dam/vna/vna-assets/global/images/header/header-left/NEO%20Avatar.png was preloaded using link preload but not used within a few seconds from the window's load event. Please make sure it has an appropriate `as` value and it is preloaded intentionally. @ https://www.vietnamairlines.com/vn/vi/:0
[ 1816943ms] [WARNING] The resource https://www.vietnamairlines.com/content/dam/vna/vna-assets/global/images/header/header-left/NEO%20Avatar.png was preloaded using link preload but not used within a few seconds from the window's load event. Please make sure it has an appropriate `as` value and it is preloaded intentionally. @ https://www.vietnamairlines.com/vn/vi/:0
[ 1824936ms] [WARNING] The resource https://www.vietnamairlines.com/content/dam/vna/vna-assets/global/images/header/header-left/NEO%20Avatar.png was preloaded using link preload but not used within a few seconds from the window's load event. Please make sure it has an appropriate `as` value and it is preloaded intentionally. @ https://www.vietnamairlines.com/vn/vi/:0
[ 1876775ms] [WARNING] The resource https://www.vietnamairlines.com/content/dam/vna/vna-assets/global/images/header/header-left/NEO%20Avatar.png was preloaded using link preload but not used within a few seconds from the window's load event. Please make sure it has an appropriate `as` value and it is preloaded intentionally. @ https://www.vietnamairlines.com/vn/vi/:0
[ 1936876ms] [WARNING] The resource https://www.vietnamairlines.com/content/dam/vna/vna-assets/global/images/header/header-left/NEO%20Avatar.png was preloaded using link preload but not used within a few seconds from the window's load event. Please make sure it has an appropriate `as` value and it is preloaded intentionally. @ https://www.vietnamairlines.com/vn/vi/:0
[ 1996829ms] [WARNING] The resource https://www.vietnamairlines.com/content/dam/vna/vna-assets/global/images/header/header-left/NEO%20Avatar.png was preloaded using link preload but not used within a few seconds from the window's load event. Please make sure it has an appropriate `as` value and it is preloaded intentionally. @ https://www.vietnamairlines.com/vn/vi/:0
[ 2056797ms] [WARNING] The resource https://www.vietnamairlines.com/content/dam/vna/vna-assets/global/images/header/header-left/NEO%20Avatar.png was preloaded using link preload but not used within a few seconds from the window's load event. Please make sure it has an appropriate `as` value and it is preloaded intentionally. @ https://www.vietnamairlines.com/vn/vi/:0
[ 2116945ms] [WARNING] The resource https://www.vietnamairlines.com/content/dam/vna/vna-assets/global/images/header/header-left/NEO%20Avatar.png was preloaded using link preload but not used within a few seconds from the window's load event. Please make sure it has an appropriate `as` value and it is preloaded intentionally. @ https://www.vietnamairlines.com/vn/vi/:0
[ 2124914ms] [WARNING] The resource https://www.vietnamairlines.com/content/dam/vna/vna-assets/global/images/header/header-left/NEO%20Avatar.png was preloaded using link preload but not used within a few seconds from the window's load event. Please make sure it has an appropriate `as` value and it is preloaded intentionally. @ https://www.vietnamairlines.com/vn/vi/:0
[ 2176824ms] [WARNING] The resource https://www.vietnamairlines.com/content/dam/vna/vna-assets/global/images/header/header-left/NEO%20Avatar.png was preloaded using link preload but not used within a few seconds from the window's load event. Please make sure it has an appropriate `as` value and it is preloaded intentionally. @ https://www.vietnamairlines.com/vn/vi/:0
[ 2236953ms] [WARNING] The resource https://www.vietnamairlines.com/content/dam/vna/vna-assets/global/images/header/header-left/NEO%20Avatar.png was preloaded using link preload but not used within a few seconds from the window's load event. Please make sure it has an appropriate `as` value and it is preloaded intentionally. @ https://www.vietnamairlines.com/vn/vi/:0
[ 2296861ms] [WARNING] The resource https://www.vietnamairlines.com/content/dam/vna/vna-assets/global/images/header/header-left/NEO%20Avatar.png was preloaded using link preload but not used within a few seconds from the window's load event. Please make sure it has an appropriate `as` value and it is preloaded intentionally. @ https://www.vietnamairlines.com/vn/vi/:0
[ 2356871ms] [WARNING] The resource https://www.vietnamairlines.com/content/dam/vna/vna-assets/global/images/header/header-left/NEO%20Avatar.png was preloaded using link preload but not used within a few seconds from the window's load event. Please make sure it has an appropriate `as` value and it is preloaded intentionally. @ https://www.vietnamairlines.com/vn/vi/:0
[ 2417008ms] [WARNING] The resource https://www.vietnamairlines.com/content/dam/vna/vna-assets/global/images/header/header-left/NEO%20Avatar.png was preloaded using link preload but not used within a few seconds from the window's load event. Please make sure it has an appropriate `as` value and it is preloaded intentionally. @ https://www.vietnamairlines.com/vn/vi/:0
[ 2424936ms] [WARNING] The resource https://www.vietnamairlines.com/content/dam/vna/vna-assets/global/images/header/header-left/NEO%20Avatar.png was preloaded using link preload but not used within a few seconds from the window's load event. Please make sure it has an appropriate `as` value and it is preloaded intentionally. @ https://www.vietnamairlines.com/vn/vi/:0
[ 2476911ms] [WARNING] The resource https://www.vietnamairlines.com/content/dam/vna/vna-assets/global/images/header/header-left/NEO%20Avatar.png was preloaded using link preload but not used within a few seconds from the window's load event. Please make sure it has an appropriate `as` value and it is preloaded intentionally. @ https://www.vietnamairlines.com/vn/vi/:0
[ 2536893ms] [WARNING] The resource https://www.vietnamairlines.com/content/dam/vna/vna-assets/global/images/header/header-left/NEO%20Avatar.png was preloaded using link preload but not used within a few seconds from the window's load event. Please make sure it has an appropriate `as` value and it is preloaded intentionally. @ https://www.vietnamairlines.com/vn/vi/:0
[ 2596918ms] [WARNING] The resource https://www.vietnamairlines.com/content/dam/vna/vna-assets/global/images/header/header-left/NEO%20Avatar.png was preloaded using link preload but not used within a few seconds from the window's load event. Please make sure it has an appropriate `as` value and it is preloaded intentionally. @ https://www.vietnamairlines.com/vn/vi/:0
[ 2656924ms] [WARNING] The resource https://www.vietnamairlines.com/content/dam/vna/vna-assets/global/images/header/header-left/NEO%20Avatar.png was preloaded using link preload but not used within a few seconds from the window's load event. Please make sure it has an appropriate `as` value and it is preloaded intentionally. @ https://www.vietnamairlines.com/vn/vi/:0
[ 2717068ms] [WARNING] The resource https://www.vietnamairlines.com/content/dam/vna/vna-assets/global/images/header/header-left/NEO%20Avatar.png was preloaded using link preload but not used within a few seconds from the window's load event. Please make sure it has an appropriate `as` value and it is preloaded intentionally. @ https://www.vietnamairlines.com/vn/vi/:0
[ 2724964ms] [WARNING] The resource https://www.vietnamairlines.com/content/dam/vna/vna-assets/global/images/header/header-left/NEO%20Avatar.png was preloaded using link preload but not used within a few seconds from the window's load event. Please make sure it has an appropriate `as` value and it is preloaded intentionally. @ https://www.vietnamairlines.com/vn/vi/:0
[ 2776977ms] [WARNING] The resource https://www.vietnamairlines.com/content/dam/vna/vna-assets/global/images/header/header-left/NEO%20Avatar.png was preloaded using link preload but not used within a few seconds from the window's load event. Please make sure it has an appropriate `as` value and it is preloaded intentionally. @ https://www.vietnamairlines.com/vn/vi/:0
[ 2836953ms] [WARNING] The resource https://www.vietnamairlines.com/content/dam/vna/vna-assets/global/images/header/header-left/NEO%20Avatar.png was preloaded using link preload but not used within a few seconds from the window's load event. Please make sure it has an appropriate `as` value and it is preloaded intentionally. @ https://www.vietnamairlines.com/vn/vi/:0
[ 2896979ms] [WARNING] The resource https://www.vietnamairlines.com/content/dam/vna/vna-assets/global/images/header/header-left/NEO%20Avatar.png was preloaded using link preload but not used within a few seconds from the window's load event. Please make sure it has an appropriate `as` value and it is preloaded intentionally. @ https://www.vietnamairlines.com/vn/vi/:0
[ 2957013ms] [WARNING] The resource https://www.vietnamairlines.com/content/dam/vna/vna-assets/global/images/header/header-left/NEO%20Avatar.png was preloaded using link preload but not used within a few seconds from the window's load event. Please make sure it has an appropriate `as` value and it is preloaded intentionally. @ https://www.vietnamairlines.com/vn/vi/:0
[ 3017173ms] [WARNING] The resource https://www.vietnamairlines.com/content/dam/vna/vna-assets/global/images/header/header-left/NEO%20Avatar.png was preloaded using link preload but not used within a few seconds from the window's load event. Please make sure it has an appropriate `as` value and it is preloaded intentionally. @ https://www.vietnamairlines.com/vn/vi/:0
[ 3024923ms] [WARNING] The resource https://www.vietnamairlines.com/content/dam/vna/vna-assets/global/images/header/header-left/NEO%20Avatar.png was preloaded using link preload but not used within a few seconds from the window's load event. Please make sure it has an appropriate `as` value and it is preloaded intentionally. @ https://www.vietnamairlines.com/vn/vi/:0
[ 3077004ms] [WARNING] The resource https://www.vietnamairlines.com/content/dam/vna/vna-assets/global/images/header/header-left/NEO%20Avatar.png was preloaded using link preload but not used within a few seconds from the window's load event. Please make sure it has an appropriate `as` value and it is preloaded intentionally. @ https://www.vietnamairlines.com/vn/vi/:0
[ 3137145ms] [WARNING] The resource https://www.vietnamairlines.com/content/dam/vna/vna-assets/global/images/header/header-left/NEO%20Avatar.png was preloaded using link preload but not used within a few seconds from the window's load event. Please make sure it has an appropriate `as` value and it is preloaded intentionally. @ https://www.vietnamairlines.com/vn/vi/:0
[ 3197059ms] [WARNING] The resource https://www.vietnamairlines.com/content/dam/vna/vna-assets/global/images/header/header-left/NEO%20Avatar.png was preloaded using link preload but not used within a few seconds from the window's load event. Please make sure it has an appropriate `as` value and it is preloaded intentionally. @ https://www.vietnamairlines.com/vn/vi/:0
[ 3257060ms] [WARNING] The resource https://www.vietnamairlines.com/content/dam/vna/vna-assets/global/images/header/header-left/NEO%20Avatar.png was preloaded using link preload but not used within a few seconds from the window's load event. Please make sure it has an appropriate `as` value and it is preloaded intentionally. @ https://www.vietnamairlines.com/vn/vi/:0
[ 3317100ms] [WARNING] The resource https://www.vietnamairlines.com/content/dam/vna/vna-assets/global/images/header/header-left/NEO%20Avatar.png was preloaded using link preload but not used within a few seconds from the window's load event. Please make sure it has an appropriate `as` value and it is preloaded intentionally. @ https://www.vietnamairlines.com/vn/vi/:0
[ 3324982ms] [WARNING] The resource https://www.vietnamairlines.com/content/dam/vna/vna-assets/global/images/header/header-left/NEO%20Avatar.png was preloaded using link preload but not used within a few seconds from the window's load event. Please make sure it has an appropriate `as` value and it is preloaded intentionally. @ https://www.vietnamairlines.com/vn/vi/:0
[ 3377165ms] [WARNING] The resource https://www.vietnamairlines.com/content/dam/vna/vna-assets/global/images/header/header-left/NEO%20Avatar.png was preloaded using link preload but not used within a few seconds from the window's load event. Please make sure it has an appropriate `as` value and it is preloaded intentionally. @ https://www.vietnamairlines.com/vn/vi/:0
[ 3437104ms] [WARNING] The resource https://www.vietnamairlines.com/content/dam/vna/vna-assets/global/images/header/header-left/NEO%20Avatar.png was preloaded using link preload but not used within a few seconds from the window's load event. Please make sure it has an appropriate `as` value and it is preloaded intentionally. @ https://www.vietnamairlines.com/vn/vi/:0
[ 3497106ms] [WARNING] The resource https://www.vietnamairlines.com/content/dam/vna/vna-assets/global/images/header/header-left/NEO%20Avatar.png was preloaded using link preload but not used within a few seconds from the window's load event. Please make sure it has an appropriate `as` value and it is preloaded intentionally. @ https://www.vietnamairlines.com/vn/vi/:0
[ 3557117ms] [WARNING] The resource https://www.vietnamairlines.com/content/dam/vna/vna-assets/global/images/header/header-left/NEO%20Avatar.png was preloaded using link preload but not used within a few seconds from the window's load event. Please make sure it has an appropriate `as` value and it is preloaded intentionally. @ https://www.vietnamairlines.com/vn/vi/:0
[ 3617386ms] [WARNING] The resource https://www.vietnamairlines.com/content/dam/vna/vna-assets/global/images/header/header-left/NEO%20Avatar.png was preloaded using link preload but not used within a few seconds from the window's load event. Please make sure it has an appropriate `as` value and it is preloaded intentionally. @ https://www.vietnamairlines.com/vn/vi/:0
[ 3624936ms] [WARNING] The resource https://www.vietnamairlines.com/content/dam/vna/vna-assets/global/images/header/header-left/NEO%20Avatar.png was preloaded using link preload but not used within a few seconds from the window's load event. Please make sure it has an appropriate `as` value and it is preloaded intentionally. @ https://www.vietnamairlines.com/vn/vi/:0
[ 3629313ms] [WARNING] The resource https://www.vietnamairlines.com/content/dam/vna/vna-assets/global/images/header/header-left/NEO%20Avatar.png was preloaded using link preload but not used within a few seconds from the window's load event. Please make sure it has an appropriate `as` value and it is preloaded intentionally. @ https://www.vietnamairlines.com/vn/vi/:0
[ 3677138ms] [WARNING] The resource https://www.vietnamairlines.com/content/dam/vna/vna-assets/global/images/header/header-left/NEO%20Avatar.png was preloaded using link preload but not used within a few seconds from the window's load event. Please make sure it has an appropriate `as` value and it is preloaded intentionally. @ https://www.vietnamairlines.com/vn/vi/:0
[ 3737185ms] [WARNING] The resource https://www.vietnamairlines.com/content/dam/vna/vna-assets/global/images/header/header-left/NEO%20Avatar.png was preloaded using link preload but not used within a few seconds from the window's load event. Please make sure it has an appropriate `as` value and it is preloaded intentionally. @ https://www.vietnamairlines.com/vn/vi/:0
[ 3797175ms] [WARNING] The resource https://www.vietnamairlines.com/content/dam/vna/vna-assets/global/images/header/header-left/NEO%20Avatar.png was preloaded using link preload but not used within a few seconds from the window's load event. Please make sure it has an appropriate `as` value and it is preloaded intentionally. @ https://www.vietnamairlines.com/vn/vi/:0
[ 3857183ms] [WARNING] The resource https://www.vietnamairlines.com/content/dam/vna/vna-assets/global/images/header/header-left/NEO%20Avatar.png was preloaded using link preload but not used within a few seconds from the window's load event. Please make sure it has an appropriate `as` value and it is preloaded intentionally. @ https://www.vietnamairlines.com/vn/vi/:0
[ 3917339ms] [WARNING] The resource https://www.vietnamairlines.com/content/dam/vna/vna-assets/global/images/header/header-left/NEO%20Avatar.png was preloaded using link preload but not used within a few seconds from the window's load event. Please make sure it has an appropriate `as` value and it is preloaded intentionally. @ https://www.vietnamairlines.com/vn/vi/:0
[ 3924950ms] [WARNING] The resource https://www.vietnamairlines.com/content/dam/vna/vna-assets/global/images/header/header-left/NEO%20Avatar.png was preloaded using link preload but not used within a few seconds from the window's load event. Please make sure it has an appropriate `as` value and it is preloaded intentionally. @ https://www.vietnamairlines.com/vn/vi/:0
[ 3977204ms] [WARNING] The resource https://www.vietnamairlines.com/content/dam/vna/vna-assets/global/images/header/header-left/NEO%20Avatar.png was preloaded using link preload but not used within a few seconds from the window's load event. Please make sure it has an appropriate `as` value and it is preloaded intentionally. @ https://www.vietnamairlines.com/vn/vi/:0
[ 4037324ms] [WARNING] The resource https://www.vietnamairlines.com/content/dam/vna/vna-assets/global/images/header/header-left/NEO%20Avatar.png was preloaded using link preload but not used within a few seconds from the window's load event. Please make sure it has an appropriate `as` value and it is preloaded intentionally. @ https://www.vietnamairlines.com/vn/vi/:0
[ 4097242ms] [WARNING] The resource https://www.vietnamairlines.com/content/dam/vna/vna-assets/global/images/header/header-left/NEO%20Avatar.png was preloaded using link preload but not used within a few seconds from the window's load event. Please make sure it has an appropriate `as` value and it is preloaded intentionally. @ https://www.vietnamairlines.com/vn/vi/:0
[ 4157229ms] [WARNING] The resource https://www.vietnamairlines.com/content/dam/vna/vna-assets/global/images/header/header-left/NEO%20Avatar.png was preloaded using link preload but not used within a few seconds from the window's load event. Please make sure it has an appropriate `as` value and it is preloaded intentionally. @ https://www.vietnamairlines.com/vn/vi/:0
[ 4217238ms] [WARNING] The resource https://www.vietnamairlines.com/content/dam/vna/vna-assets/global/images/header/header-left/NEO%20Avatar.png was preloaded using link preload but not used within a few seconds from the window's load event. Please make sure it has an appropriate `as` value and it is preloaded intentionally. @ https://www.vietnamairlines.com/vn/vi/:0
[ 4225130ms] [WARNING] The resource https://www.vietnamairlines.com/content/dam/vna/vna-assets/global/images/header/header-left/NEO%20Avatar.png was preloaded using link preload but not used within a few seconds from the window's load event. Please make sure it has an appropriate `as` value and it is preloaded intentionally. @ https://www.vietnamairlines.com/vn/vi/:0
[ 4277259ms] [WARNING] The resource https://www.vietnamairlines.com/content/dam/vna/vna-assets/global/images/header/header-left/NEO%20Avatar.png was preloaded using link preload but not used within a few seconds from the window's load event. Please make sure it has an appropriate `as` value and it is preloaded intentionally. @ https://www.vietnamairlines.com/vn/vi/:0
[ 4337417ms] [WARNING] The resource https://www.vietnamairlines.com/content/dam/vna/vna-assets/global/images/header/header-left/NEO%20Avatar.png was preloaded using link preload but not used within a few seconds from the window's load event. Please make sure it has an appropriate `as` value and it is preloaded intentionally. @ https://www.vietnamairlines.com/vn/vi/:0
[ 4397319ms] [WARNING] The resource https://www.vietnamairlines.com/content/dam/vna/vna-assets/global/images/header/header-left/NEO%20Avatar.png was preloaded using link preload but not used within a few seconds from the window's load event. Please make sure it has an appropriate `as` value and it is preloaded intentionally. @ https://www.vietnamairlines.com/vn/vi/:0
[ 4457299ms] [WARNING] The resource https://www.vietnamairlines.com/content/dam/vna/vna-assets/global/images/header/header-left/NEO%20Avatar.png was preloaded using link preload but not used within a few seconds from the window's load event. Please make sure it has an appropriate `as` value and it is preloaded intentionally. @ https://www.vietnamairlines.com/vn/vi/:0
[ 4517306ms] [WARNING] The resource https://www.vietnamairlines.com/content/dam/vna/vna-assets/global/images/header/header-left/NEO%20Avatar.png was preloaded using link preload but not used within a few seconds from the window's load event. Please make sure it has an appropriate `as` value and it is preloaded intentionally. @ https://www.vietnamairlines.com/vn/vi/:0
[ 4524923ms] [WARNING] The resource https://www.vietnamairlines.com/content/dam/vna/vna-assets/global/images/header/header-left/NEO%20Avatar.png was preloaded using link preload but not used within a few seconds from the window's load event. Please make sure it has an appropriate `as` value and it is preloaded intentionally. @ https://www.vietnamairlines.com/vn/vi/:0
[ 4577440ms] [WARNING] The resource https://www.vietnamairlines.com/content/dam/vna/vna-assets/global/images/header/header-left/NEO%20Avatar.png was preloaded using link preload but not used within a few seconds from the window's load event. Please make sure it has an appropriate `as` value and it is preloaded intentionally. @ https://www.vietnamairlines.com/vn/vi/:0
[ 4637343ms] [WARNING] The resource https://www.vietnamairlines.com/content/dam/vna/vna-assets/global/images/header/header-left/NEO%20Avatar.png was preloaded using link preload but not used within a few seconds from the window's load event. Please make sure it has an appropriate `as` value and it is preloaded intentionally. @ https://www.vietnamairlines.com/vn/vi/:0
[ 4697348ms] [WARNING] The resource https://www.vietnamairlines.com/content/dam/vna/vna-assets/global/images/header/header-left/NEO%20Avatar.png was preloaded using link preload but not used within a few seconds from the window's load event. Please make sure it has an appropriate `as` value and it is preloaded intentionally. @ https://www.vietnamairlines.com/vn/vi/:0
[ 4757347ms] [WARNING] The resource https://www.vietnamairlines.com/content/dam/vna/vna-assets/global/images/header/header-left/NEO%20Avatar.png was preloaded using link preload but not used within a few seconds from the window's load event. Please make sure it has an appropriate `as` value and it is preloaded intentionally. @ https://www.vietnamairlines.com/vn/vi/:0
[ 4817515ms] [WARNING] The resource https://www.vietnamairlines.com/content/dam/vna/vna-assets/global/images/header/header-left/NEO%20Avatar.png was preloaded using link preload but not used within a few seconds from the window's load event. Please make sure it has an appropriate `as` value and it is preloaded intentionally. @ https://www.vietnamairlines.com/vn/vi/:0
[ 4824932ms] [WARNING] The resource https://www.vietnamairlines.com/content/dam/vna/vna-assets/global/images/header/header-left/NEO%20Avatar.png was preloaded using link preload but not used within a few seconds from the window's load event. Please make sure it has an appropriate `as` value and it is preloaded intentionally. @ https://www.vietnamairlines.com/vn/vi/:0
[ 4877354ms] [WARNING] The resource https://www.vietnamairlines.com/content/dam/vna/vna-assets/global/images/header/header-left/NEO%20Avatar.png was preloaded using link preload but not used within a few seconds from the window's load event. Please make sure it has an appropriate `as` value and it is preloaded intentionally. @ https://www.vietnamairlines.com/vn/vi/:0
[ 4937501ms] [WARNING] The resource https://www.vietnamairlines.com/content/dam/vna/vna-assets/global/images/header/header-left/NEO%20Avatar.png was preloaded using link preload but not used within a few seconds from the window's load event. Please make sure it has an appropriate `as` value and it is preloaded intentionally. @ https://www.vietnamairlines.com/vn/vi/:0
[ 4997404ms] [WARNING] The resource https://www.vietnamairlines.com/content/dam/vna/vna-assets/global/images/header/header-left/NEO%20Avatar.png was preloaded using link preload but not used within a few seconds from the window's load event. Please make sure it has an appropriate `as` value and it is preloaded intentionally. @ https://www.vietnamairlines.com/vn/vi/:0
[ 5057395ms] [WARNING] The resource https://www.vietnamairlines.com/content/dam/vna/vna-assets/global/images/header/header-left/NEO%20Avatar.png was preloaded using link preload but not used within a few seconds from the window's load event. Please make sure it has an appropriate `as` value and it is preloaded intentionally. @ https://www.vietnamairlines.com/vn/vi/:0
[ 5117508ms] [WARNING] The resource https://www.vietnamairlines.com/content/dam/vna/vna-assets/global/images/header/header-left/NEO%20Avatar.png was preloaded using link preload but not used within a few seconds from the window's load event. Please make sure it has an appropriate `as` value and it is preloaded intentionally. @ https://www.vietnamairlines.com/vn/vi/:0
[ 5124902ms] [WARNING] The resource https://www.vietnamairlines.com/content/dam/vna/vna-assets/global/images/header/header-left/NEO%20Avatar.png was preloaded using link preload but not used within a few seconds from the window's load event. Please make sure it has an appropriate `as` value and it is preloaded intentionally. @ https://www.vietnamairlines.com/vn/vi/:0
[ 5177444ms] [WARNING] The resource https://www.vietnamairlines.com/content/dam/vna/vna-assets/global/images/header/header-left/NEO%20Avatar.png was preloaded using link preload but not used within a few seconds from the window's load event. Please make sure it has an appropriate `as` value and it is preloaded intentionally. @ https://www.vietnamairlines.com/vn/vi/:0
[ 5237456ms] [WARNING] The resource https://www.vietnamairlines.com/content/dam/vna/vna-assets/global/images/header/header-left/NEO%20Avatar.png was preloaded using link preload but not used within a few seconds from the window's load event. Please make sure it has an appropriate `as` value and it is preloaded intentionally. @ https://www.vietnamairlines.com/vn/vi/:0
[ 5297463ms] [WARNING] The resource https://www.vietnamairlines.com/content/dam/vna/vna-assets/global/images/header/header-left/NEO%20Avatar.png was preloaded using link preload but not used within a few seconds from the window's load event. Please make sure it has an appropriate `as` value and it is preloaded intentionally. @ https://www.vietnamairlines.com/vn/vi/:0
[ 5357481ms] [WARNING] The resource https://www.vietnamairlines.com/content/dam/vna/vna-assets/global/images/header/header-left/NEO%20Avatar.png was preloaded using link preload but not used within a few seconds from the window's load event. Please make sure it has an appropriate `as` value and it is preloaded intentionally. @ https://www.vietnamairlines.com/vn/vi/:0
[ 5417633ms] [WARNING] The resource https://www.vietnamairlines.com/content/dam/vna/vna-assets/global/images/header/header-left/NEO%20Avatar.png was preloaded using link preload but not used within a few seconds from the window's load event. Please make sure it has an appropriate `as` value and it is preloaded intentionally. @ https://www.vietnamairlines.com/vn/vi/:0
[ 5424932ms] [WARNING] The resource https://www.vietnamairlines.com/content/dam/vna/vna-assets/global/images/header/header-left/NEO%20Avatar.png was preloaded using link preload but not used within a few seconds from the window's load event. Please make sure it has an appropriate `as` value and it is preloaded intentionally. @ https://www.vietnamairlines.com/vn/vi/:0
[ 5477504ms] [WARNING] The resource https://www.vietnamairlines.com/content/dam/vna/vna-assets/global/images/header/header-left/NEO%20Avatar.png was preloaded using link preload but not used within a few seconds from the window's load event. Please make sure it has an appropriate `as` value and it is preloaded intentionally. @ https://www.vietnamairlines.com/vn/vi/:0
[ 5537532ms] [WARNING] The resource https://www.vietnamairlines.com/content/dam/vna/vna-assets/global/images/header/header-left/NEO%20Avatar.png was preloaded using link preload but not used within a few seconds from the window's load event. Please make sure it has an appropriate `as` value and it is preloaded intentionally. @ https://www.vietnamairlines.com/vn/vi/:0
[ 5597523ms] [WARNING] The resource https://www.vietnamairlines.com/content/dam/vna/vna-assets/global/images/header/header-left/NEO%20Avatar.png was preloaded using link preload but not used within a few seconds from the window's load event. Please make sure it has an appropriate `as` value and it is preloaded intentionally. @ https://www.vietnamairlines.com/vn/vi/:0
[ 5657660ms] [WARNING] The resource https://www.vietnamairlines.com/content/dam/vna/vna-assets/global/images/header/header-left/NEO%20Avatar.png was preloaded using link preload but not used within a few seconds from the window's load event. Please make sure it has an appropriate `as` value and it is preloaded intentionally. @ https://www.vietnamairlines.com/vn/vi/:0
[ 5717667ms] [WARNING] The resource https://www.vietnamairlines.com/content/dam/vna/vna-assets/global/images/header/header-left/NEO%20Avatar.png was preloaded using link preload but not used within a few seconds from the window's load event. Please make sure it has an appropriate `as` value and it is preloaded intentionally. @ https://www.vietnamairlines.com/vn/vi/:0
[ 5724908ms] [WARNING] The resource https://www.vietnamairlines.com/content/dam/vna/vna-assets/global/images/header/header-left/NEO%20Avatar.png was preloaded using link preload but not used within a few seconds from the window's load event. Please make sure it has an appropriate `as` value and it is preloaded intentionally. @ https://www.vietnamairlines.com/vn/vi/:0
[ 5777562ms] [WARNING] The resource https://www.vietnamairlines.com/content/dam/vna/vna-assets/global/images/header/header-left/NEO%20Avatar.png was preloaded using link preload but not used within a few seconds from the window's load event. Please make sure it has an appropriate `as` value and it is preloaded intentionally. @ https://www.vietnamairlines.com/vn/vi/:0
[ 5837710ms] [WARNING] The resource https://www.vietnamairlines.com/content/dam/vna/vna-assets/global/images/header/header-left/NEO%20Avatar.png was preloaded using link preload but not used within a few seconds from the window's load event. Please make sure it has an appropriate `as` value and it is preloaded intentionally. @ https://www.vietnamairlines.com/vn/vi/:0
[ 5897582ms] [WARNING] The resource https://www.vietnamairlines.com/content/dam/vna/vna-assets/global/images/header/header-left/NEO%20Avatar.png was preloaded using link preload but not used within a few seconds from the window's load event. Please make sure it has an appropriate `as` value and it is preloaded intentionally. @ https://www.vietnamairlines.com/vn/vi/:0
[ 5957611ms] [WARNING] The resource https://www.vietnamairlines.com/content/dam/vna/vna-assets/global/images/header/header-left/NEO%20Avatar.png was preloaded using link preload but not used within a few seconds from the window's load event. Please make sure it has an appropriate `as` value and it is preloaded intentionally. @ https://www.vietnamairlines.com/vn/vi/:0
[ 6017720ms] [WARNING] The resource https://www.vietnamairlines.com/content/dam/vna/vna-assets/global/images/header/header-left/NEO%20Avatar.png was preloaded using link preload but not used within a few seconds from the window's load event. Please make sure it has an appropriate `as` value and it is preloaded intentionally. @ https://www.vietnamairlines.com/vn/vi/:0
[ 6024953ms] [WARNING] The resource https://www.vietnamairlines.com/content/dam/vna/vna-assets/global/images/header/header-left/NEO%20Avatar.png was preloaded using link preload but not used within a few seconds from the window's load event. Please make sure it has an appropriate `as` value and it is preloaded intentionally. @ https://www.vietnamairlines.com/vn/vi/:0
[ 6077611ms] [WARNING] The resource https://www.vietnamairlines.com/content/dam/vna/vna-assets/global/images/header/header-left/NEO%20Avatar.png was preloaded using link preload but not used within a few seconds from the window's load event. Please make sure it has an appropriate `as` value and it is preloaded intentionally. @ https://www.vietnamairlines.com/vn/vi/:0
[ 6137741ms] [WARNING] The resource https://www.vietnamairlines.com/content/dam/vna/vna-assets/global/images/header/header-left/NEO%20Avatar.png was preloaded using link preload but not used within a few seconds from the window's load event. Please make sure it has an appropriate `as` value and it is preloaded intentionally. @ https://www.vietnamairlines.com/vn/vi/:0
[ 6197648ms] [WARNING] The resource https://www.vietnamairlines.com/content/dam/vna/vna-assets/global/images/header/header-left/NEO%20Avatar.png was preloaded using link preload but not used within a few seconds from the window's load event. Please make sure it has an appropriate `as` value and it is preloaded intentionally. @ https://www.vietnamairlines.com/vn/vi/:0
[ 6257644ms] [WARNING] The resource https://www.vietnamairlines.com/content/dam/vna/vna-assets/global/images/header/header-left/NEO%20Avatar.png was preloaded using link preload but not used within a few seconds from the window's load event. Please make sure it has an appropriate `as` value and it is preloaded intentionally. @ https://www.vietnamairlines.com/vn/vi/:0
[ 6317656ms] [WARNING] The resource https://www.vietnamairlines.com/content/dam/vna/vna-assets/global/images/header/header-left/NEO%20Avatar.png was preloaded using link preload but not used within a few seconds from the window's load event. Please make sure it has an appropriate `as` value and it is preloaded intentionally. @ https://www.vietnamairlines.com/vn/vi/:0
[ 6324958ms] [WARNING] The resource https://www.vietnamairlines.com/content/dam/vna/vna-assets/global/images/header/header-left/NEO%20Avatar.png was preloaded using link preload but not used within a few seconds from the window's load event. Please make sure it has an appropriate `as` value and it is preloaded intentionally. @ https://www.vietnamairlines.com/vn/vi/:0
[ 6377747ms] [WARNING] The resource https://www.vietnamairlines.com/content/dam/vna/vna-assets/global/images/header/header-left/NEO%20Avatar.png was preloaded using link preload but not used within a few seconds from the window's load event. Please make sure it has an appropriate `as` value and it is preloaded intentionally. @ https://www.vietnamairlines.com/vn/vi/:0
[ 6437684ms] [WARNING] The resource https://www.vietnamairlines.com/content/dam/vna/vna-assets/global/images/header/header-left/NEO%20Avatar.png was preloaded using link preload but not used within a few seconds from the window's load event. Please make sure it has an appropriate `as` value and it is preloaded intentionally. @ https://www.vietnamairlines.com/vn/vi/:0
[ 6497829ms] [WARNING] The resource https://www.vietnamairlines.com/content/dam/vna/vna-assets/global/images/header/header-left/NEO%20Avatar.png was preloaded using link preload but not used within a few seconds from the window's load event. Please make sure it has an appropriate `as` value and it is preloaded intentionally. @ https://www.vietnamairlines.com/vn/vi/:0
[ 6557698ms] [WARNING] The resource https://www.vietnamairlines.com/content/dam/vna/vna-assets/global/images/header/header-left/NEO%20Avatar.png was preloaded using link preload but not used within a few seconds from the window's load event. Please make sure it has an appropriate `as` value and it is preloaded intentionally. @ https://www.vietnamairlines.com/vn/vi/:0
[ 6617830ms] [WARNING] The resource https://www.vietnamairlines.com/content/dam/vna/vna-assets/global/images/header/header-left/NEO%20Avatar.png was preloaded using link preload but not used within a few seconds from the window's load event. Please make sure it has an appropriate `as` value and it is preloaded intentionally. @ https://www.vietnamairlines.com/vn/vi/:0
[ 6624921ms] [WARNING] The resource https://www.vietnamairlines.com/content/dam/vna/vna-assets/global/images/header/header-left/NEO%20Avatar.png was preloaded using link preload but not used within a few seconds from the window's load event. Please make sure it has an appropriate `as` value and it is preloaded intentionally. @ https://www.vietnamairlines.com/vn/vi/:0
[ 6677728ms] [WARNING] The resource https://www.vietnamairlines.com/content/dam/vna/vna-assets/global/images/header/header-left/NEO%20Avatar.png was preloaded using link preload but not used within a few seconds from the window's load event. Please make sure it has an appropriate `as` value and it is preloaded intentionally. @ https://www.vietnamairlines.com/vn/vi/:0
[ 6737742ms] [WARNING] The resource https://www.vietnamairlines.com/content/dam/vna/vna-assets/global/images/header/header-left/NEO%20Avatar.png was preloaded using link preload but not used within a few seconds from the window's load event. Please make sure it has an appropriate `as` value and it is preloaded intentionally. @ https://www.vietnamairlines.com/vn/vi/:0
[ 6797856ms] [WARNING] The resource https://www.vietnamairlines.com/content/dam/vna/vna-assets/global/images/header/header-left/NEO%20Avatar.png was preloaded using link preload but not used within a few seconds from the window's load event. Please make sure it has an appropriate `as` value and it is preloaded intentionally. @ https://www.vietnamairlines.com/vn/vi/:0
[ 6857835ms] [WARNING] The resource https://www.vietnamairlines.com/content/dam/vna/vna-assets/global/images/header/header-left/NEO%20Avatar.png was preloaded using link preload but not used within a few seconds from the window's load event. Please make sure it has an appropriate `as` value and it is preloaded intentionally. @ https://www.vietnamairlines.com/vn/vi/:0
[ 6917887ms] [WARNING] The resource https://www.vietnamairlines.com/content/dam/vna/vna-assets/global/images/header/header-left/NEO%20Avatar.png was preloaded using link preload but not used within a few seconds from the window's load event. Please make sure it has an appropriate `as` value and it is preloaded intentionally. @ https://www.vietnamairlines.com/vn/vi/:0
[ 6924936ms] [WARNING] The resource https://www.vietnamairlines.com/content/dam/vna/vna-assets/global/images/header/header-left/NEO%20Avatar.png was preloaded using link preload but not used within a few seconds from the window's load event. Please make sure it has an appropriate `as` value and it is preloaded intentionally. @ https://www.vietnamairlines.com/vn/vi/:0
[ 6977858ms] [WARNING] The resource https://www.vietnamairlines.com/content/dam/vna/vna-assets/global/images/header/header-left/NEO%20Avatar.png was preloaded using link preload but not used within a few seconds from the window's load event. Please make sure it has an appropriate `as` value and it is preloaded intentionally. @ https://www.vietnamairlines.com/vn/vi/:0
[ 7037898ms] [WARNING] The resource https://www.vietnamairlines.com/content/dam/vna/vna-assets/global/images/header/header-left/NEO%20Avatar.png was preloaded using link preload but not used within a few seconds from the window's load event. Please make sure it has an appropriate `as` value and it is preloaded intentionally. @ https://www.vietnamairlines.com/vn/vi/:0
[ 7097888ms] [WARNING] The resource https://www.vietnamairlines.com/content/dam/vna/vna-assets/global/images/header/header-left/NEO%20Avatar.png was preloaded using link preload but not used within a few seconds from the window's load event. Please make sure it has an appropriate `as` value and it is preloaded intentionally. @ https://www.vietnamairlines.com/vn/vi/:0
[ 7157877ms] [WARNING] The resource https://www.vietnamairlines.com/content/dam/vna/vna-assets/global/images/header/header-left/NEO%20Avatar.png was preloaded using link preload but not used within a few seconds from the window's load event. Please make sure it has an appropriate `as` value and it is preloaded intentionally. @ https://www.vietnamairlines.com/vn/vi/:0
[ 7217964ms] [WARNING] The resource https://www.vietnamairlines.com/content/dam/vna/vna-assets/global/images/header/header-left/NEO%20Avatar.png was preloaded using link preload but not used within a few seconds from the window's load event. Please make sure it has an appropriate `as` value and it is preloaded intentionally. @ https://www.vietnamairlines.com/vn/vi/:0
[ 7224940ms] [WARNING] The resource https://www.vietnamairlines.com/content/dam/vna/vna-assets/global/images/header/header-left/NEO%20Avatar.png was preloaded using link preload but not used within a few seconds from the window's load event. Please make sure it has an appropriate `as` value and it is preloaded intentionally. @ https://www.vietnamairlines.com/vn/vi/:0
[ 7230840ms] [WARNING] The resource https://www.vietnamairlines.com/content/dam/vna/vna-assets/global/images/header/header-left/NEO%20Avatar.png was preloaded using link preload but not used within a few seconds from the window's load event. Please make sure it has an appropriate `as` value and it is preloaded intentionally. @ https://www.vietnamairlines.com/vn/vi/:0
[ 7277866ms] [WARNING] The resource https://www.vietnamairlines.com/content/dam/vna/vna-assets/global/images/header/header-left/NEO%20Avatar.png was preloaded using link preload but not used within a few seconds from the window's load event. Please make sure it has an appropriate `as` value and it is preloaded intentionally. @ https://www.vietnamairlines.com/vn/vi/:0
[ 7337983ms] [WARNING] The resource https://www.vietnamairlines.com/content/dam/vna/vna-assets/global/images/header/header-left/NEO%20Avatar.png was preloaded using link preload but not used within a few seconds from the window's load event. Please make sure it has an appropriate `as` value and it is preloaded intentionally. @ https://www.vietnamairlines.com/vn/vi/:0
[ 7397891ms] [WARNING] The resource https://www.vietnamairlines.com/content/dam/vna/vna-assets/global/images/header/header-left/NEO%20Avatar.png was preloaded using link preload but not used within a few seconds from the window's load event. Please make sure it has an appropriate `as` value and it is preloaded intentionally. @ https://www.vietnamairlines.com/vn/vi/:0
[ 7457890ms] [WARNING] The resource https://www.vietnamairlines.com/content/dam/vna/vna-assets/global/images/header/header-left/NEO%20Avatar.png was preloaded using link preload but not used within a few seconds from the window's load event. Please make sure it has an appropriate `as` value and it is preloaded intentionally. @ https://www.vietnamairlines.com/vn/vi/:0
[ 7517964ms] [WARNING] The resource https://www.vietnamairlines.com/content/dam/vna/vna-assets/global/images/header/header-left/NEO%20Avatar.png was preloaded using link preload but not used within a few seconds from the window's load event. Please make sure it has an appropriate `as` value and it is preloaded intentionally. @ https://www.vietnamairlines.com/vn/vi/:0
[ 7524943ms] [WARNING] The resource https://www.vietnamairlines.com/content/dam/vna/vna-assets/global/images/header/header-left/NEO%20Avatar.png was preloaded using link preload but not used within a few seconds from the window's load event. Please make sure it has an appropriate `as` value and it is preloaded intentionally. @ https://www.vietnamairlines.com/vn/vi/:0
[ 7577908ms] [WARNING] The resource https://www.vietnamairlines.com/content/dam/vna/vna-assets/global/images/header/header-left/NEO%20Avatar.png was preloaded using link preload but not used within a few seconds from the window's load event. Please make sure it has an appropriate `as` value and it is preloaded intentionally. @ https://www.vietnamairlines.com/vn/vi/:0
[ 7637912ms] [WARNING] The resource https://www.vietnamairlines.com/content/dam/vna/vna-assets/global/images/header/header-left/NEO%20Avatar.png was preloaded using link preload but not used within a few seconds from the window's load event. Please make sure it has an appropriate `as` value and it is preloaded intentionally. @ https://www.vietnamairlines.com/vn/vi/:0
[ 7697928ms] [WARNING] The resource https://www.vietnamairlines.com/content/dam/vna/vna-assets/global/images/header/header-left/NEO%20Avatar.png was preloaded using link preload but not used within a few seconds from the window's load event. Please make sure it has an appropriate `as` value and it is preloaded intentionally. @ https://www.vietnamairlines.com/vn/vi/:0
[ 7757930ms] [WARNING] The resource https://www.vietnamairlines.com/content/dam/vna/vna-assets/global/images/header/header-left/NEO%20Avatar.png was preloaded using link preload but not used within a few seconds from the window's load event. Please make sure it has an appropriate `as` value and it is preloaded intentionally. @ https://www.vietnamairlines.com/vn/vi/:0
[ 7818073ms] [WARNING] The resource https://www.vietnamairlines.com/content/dam/vna/vna-assets/global/images/header/header-left/NEO%20Avatar.png was preloaded using link preload but not used within a few seconds from the window's load event. Please make sure it has an appropriate `as` value and it is preloaded intentionally. @ https://www.vietnamairlines.com/vn/vi/:0
[ 7824909ms] [WARNING] The resource https://www.vietnamairlines.com/content/dam/vna/vna-assets/global/images/header/header-left/NEO%20Avatar.png was preloaded using link preload but not used within a few seconds from the window's load event. Please make sure it has an appropriate `as` value and it is preloaded intentionally. @ https://www.vietnamairlines.com/vn/vi/:0
[ 7877967ms] [WARNING] The resource https://www.vietnamairlines.com/content/dam/vna/vna-assets/global/images/header/header-left/NEO%20Avatar.png was preloaded using link preload but not used within a few seconds from the window's load event. Please make sure it has an appropriate `as` value and it is preloaded intentionally. @ https://www.vietnamairlines.com/vn/vi/:0
[ 7938042ms] [WARNING] The resource https://www.vietnamairlines.com/content/dam/vna/vna-assets/global/images/header/header-left/NEO%20Avatar.png was preloaded using link preload but not used within a few seconds from the window's load event. Please make sure it has an appropriate `as` value and it is preloaded intentionally. @ https://www.vietnamairlines.com/vn/vi/:0
[ 7997987ms] [WARNING] The resource https://www.vietnamairlines.com/content/dam/vna/vna-assets/global/images/header/header-left/NEO%20Avatar.png was preloaded using link preload but not used within a few seconds from the window's load event. Please make sure it has an appropriate `as` value and it is preloaded intentionally. @ https://www.vietnamairlines.com/vn/vi/:0
[ 8057979ms] [WARNING] The resource https://www.vietnamairlines.com/content/dam/vna/vna-assets/global/images/header/header-left/NEO%20Avatar.png was preloaded using link preload but not used within a few seconds from the window's load event. Please make sure it has an appropriate `as` value and it is preloaded intentionally. @ https://www.vietnamairlines.com/vn/vi/:0
[ 8118126ms] [WARNING] The resource https://www.vietnamairlines.com/content/dam/vna/vna-assets/global/images/header/header-left/NEO%20Avatar.png was preloaded using link preload but not used within a few seconds from the window's load event. Please make sure it has an appropriate `as` value and it is preloaded intentionally. @ https://www.vietnamairlines.com/vn/vi/:0
[ 8124907ms] [WARNING] The resource https://www.vietnamairlines.com/content/dam/vna/vna-assets/global/images/header/header-left/NEO%20Avatar.png was preloaded using link preload but not used within a few seconds from the window's load event. Please make sure it has an appropriate `as` value and it is preloaded intentionally. @ https://www.vietnamairlines.com/vn/vi/:0
[ 8178076ms] [WARNING] The resource https://www.vietnamairlines.com/content/dam/vna/vna-assets/global/images/header/header-left/NEO%20Avatar.png was preloaded using link preload but not used within a few seconds from the window's load event. Please make sure it has an appropriate `as` value and it is preloaded intentionally. @ https://www.vietnamairlines.com/vn/vi/:0
[ 8238119ms] [WARNING] The resource https://www.vietnamairlines.com/content/dam/vna/vna-assets/global/images/header/header-left/NEO%20Avatar.png was preloaded using link preload but not used within a few seconds from the window's load event. Please make sure it has an appropriate `as` value and it is preloaded intentionally. @ https://www.vietnamairlines.com/vn/vi/:0
[ 8298046ms] [WARNING] The resource https://www.vietnamairlines.com/content/dam/vna/vna-assets/global/images/header/header-left/NEO%20Avatar.png was preloaded using link preload but not used within a few seconds from the window's load event. Please make sure it has an appropriate `as` value and it is preloaded intentionally. @ https://www.vietnamairlines.com/vn/vi/:0
[ 8358103ms] [WARNING] The resource https://www.vietnamairlines.com/content/dam/vna/vna-assets/global/images/header/header-left/NEO%20Avatar.png was preloaded using link preload but not used within a few seconds from the window's load event. Please make sure it has an appropriate `as` value and it is preloaded intentionally. @ https://www.vietnamairlines.com/vn/vi/:0
[ 8418087ms] [WARNING] The resource https://www.vietnamairlines.com/content/dam/vna/vna-assets/global/images/header/header-left/NEO%20Avatar.png was preloaded using link preload but not used within a few seconds from the window's load event. Please make sure it has an appropriate `as` value and it is preloaded intentionally. @ https://www.vietnamairlines.com/vn/vi/:0
[ 8425024ms] [WARNING] The resource https://www.vietnamairlines.com/content/dam/vna/vna-assets/global/images/header/header-left/NEO%20Avatar.png was preloaded using link preload but not used within a few seconds from the window's load event. Please make sure it has an appropriate `as` value and it is preloaded intentionally. @ https://www.vietnamairlines.com/vn/vi/:0
[ 8478170ms] [WARNING] The resource https://www.vietnamairlines.com/content/dam/vna/vna-assets/global/images/header/header-left/NEO%20Avatar.png was preloaded using link preload but not used within a few seconds from the window's load event. Please make sure it has an appropriate `as` value and it is preloaded intentionally. @ https://www.vietnamairlines.com/vn/vi/:0
[ 8538106ms] [WARNING] The resource https://www.vietnamairlines.com/content/dam/vna/vna-assets/global/images/header/header-left/NEO%20Avatar.png was preloaded using link preload but not used within a few seconds from the window's load event. Please make sure it has an appropriate `as` value and it is preloaded intentionally. @ https://www.vietnamairlines.com/vn/vi/:0
[ 8598127ms] [WARNING] The resource https://www.vietnamairlines.com/content/dam/vna/vna-assets/global/images/header/header-left/NEO%20Avatar.png was preloaded using link preload but not used within a few seconds from the window's load event. Please make sure it has an appropriate `as` value and it is preloaded intentionally. @ https://www.vietnamairlines.com/vn/vi/:0
[ 8658111ms] [WARNING] The resource https://www.vietnamairlines.com/content/dam/vna/vna-assets/global/images/header/header-left/NEO%20Avatar.png was preloaded using link preload but not used within a few seconds from the window's load event. Please make sure it has an appropriate `as` value and it is preloaded intentionally. @ https://www.vietnamairlines.com/vn/vi/:0
[ 8718249ms] [WARNING] The resource https://www.vietnamairlines.com/content/dam/vna/vna-assets/global/images/header/header-left/NEO%20Avatar.png was preloaded using link preload but not used within a few seconds from the window's load event. Please make sure it has an appropriate `as` value and it is preloaded intentionally. @ https://www.vietnamairlines.com/vn/vi/:0
[ 8724916ms] [WARNING] The resource https://www.vietnamairlines.com/content/dam/vna/vna-assets/global/images/header/header-left/NEO%20Avatar.png was preloaded using link preload but not used within a few seconds from the window's load event. Please make sure it has an appropriate `as` value and it is preloaded intentionally. @ https://www.vietnamairlines.com/vn/vi/:0
[ 8778132ms] [WARNING] The resource https://www.vietnamairlines.com/content/dam/vna/vna-assets/global/images/header/header-left/NEO%20Avatar.png was preloaded using link preload but not used within a few seconds from the window's load event. Please make sure it has an appropriate `as` value and it is preloaded intentionally. @ https://www.vietnamairlines.com/vn/vi/:0
[ 8838180ms] [WARNING] The resource https://www.vietnamairlines.com/content/dam/vna/vna-assets/global/images/header/header-left/NEO%20Avatar.png was preloaded using link preload but not used within a few seconds from the window's load event. Please make sure it has an appropriate `as` value and it is preloaded intentionally. @ https://www.vietnamairlines.com/vn/vi/:0
[ 8898170ms] [WARNING] The resource https://www.vietnamairlines.com/content/dam/vna/vna-assets/global/images/header/header-left/NEO%20Avatar.png was preloaded using link preload but not used within a few seconds from the window's load event. Please make sure it has an appropriate `as` value and it is preloaded intentionally. @ https://www.vietnamairlines.com/vn/vi/:0
[ 8958187ms] [WARNING] The resource https://www.vietnamairlines.com/content/dam/vna/vna-assets/global/images/header/header-left/NEO%20Avatar.png was preloaded using link preload but not used within a few seconds from the window's load event. Please make sure it has an appropriate `as` value and it is preloaded intentionally. @ https://www.vietnamairlines.com/vn/vi/:0
[ 9018305ms] [WARNING] The resource https://www.vietnamairlines.com/content/dam/vna/vna-assets/global/images/header/header-left/NEO%20Avatar.png was preloaded using link preload but not used within a few seconds from the window's load event. Please make sure it has an appropriate `as` value and it is preloaded intentionally. @ https://www.vietnamairlines.com/vn/vi/:0
[ 9024905ms] [WARNING] The resource https://www.vietnamairlines.com/content/dam/vna/vna-assets/global/images/header/header-left/NEO%20Avatar.png was preloaded using link preload but not used within a few seconds from the window's load event. Please make sure it has an appropriate `as` value and it is preloaded intentionally. @ https://www.vietnamairlines.com/vn/vi/:0
[ 9078191ms] [WARNING] The resource https://www.vietnamairlines.com/content/dam/vna/vna-assets/global/images/header/header-left/NEO%20Avatar.png was preloaded using link preload but not used within a few seconds from the window's load event. Please make sure it has an appropriate `as` value and it is preloaded intentionally. @ https://www.vietnamairlines.com/vn/vi/:0
[ 9138333ms] [WARNING] The resource https://www.vietnamairlines.com/content/dam/vna/vna-assets/global/images/header/header-left/NEO%20Avatar.png was preloaded using link preload but not used within a few seconds from the window's load event. Please make sure it has an appropriate `as` value and it is preloaded intentionally. @ https://www.vietnamairlines.com/vn/vi/:0
[ 9198202ms] [WARNING] The resource https://www.vietnamairlines.com/content/dam/vna/vna-assets/global/images/header/header-left/NEO%20Avatar.png was preloaded using link preload but not used within a few seconds from the window's load event. Please make sure it has an appropriate `as` value and it is preloaded intentionally. @ https://www.vietnamairlines.com/vn/vi/:0
[ 9258192ms] [WARNING] The resource https://www.vietnamairlines.com/content/dam/vna/vna-assets/global/images/header/header-left/NEO%20Avatar.png was preloaded using link preload but not used within a few seconds from the window's load event. Please make sure it has an appropriate `as` value and it is preloaded intentionally. @ https://www.vietnamairlines.com/vn/vi/:0
[ 9318222ms] [WARNING] The resource https://www.vietnamairlines.com/content/dam/vna/vna-assets/global/images/header/header-left/NEO%20Avatar.png was preloaded using link preload but not used within a few seconds from the window's load event. Please make sure it has an appropriate `as` value and it is preloaded intentionally. @ https://www.vietnamairlines.com/vn/vi/:0
[ 9325107ms] [WARNING] The resource https://www.vietnamairlines.com/content/dam/vna/vna-assets/global/images/header/header-left/NEO%20Avatar.png was preloaded using link preload but not used within a few seconds from the window's load event. Please make sure it has an appropriate `as` value and it is preloaded intentionally. @ https://www.vietnamairlines.com/vn/vi/:0
[ 9378323ms] [WARNING] The resource https://www.vietnamairlines.com/content/dam/vna/vna-assets/global/images/header/header-left/NEO%20Avatar.png was preloaded using link preload but not used within a few seconds from the window's load event. Please make sure it has an appropriate `as` value and it is preloaded intentionally. @ https://www.vietnamairlines.com/vn/vi/:0
[ 9438250ms] [WARNING] The resource https://www.vietnamairlines.com/content/dam/vna/vna-assets/global/images/header/header-left/NEO%20Avatar.png was preloaded using link preload but not used within a few seconds from the window's load event. Please make sure it has an appropriate `as` value and it is preloaded intentionally. @ https://www.vietnamairlines.com/vn/vi/:0
[ 9498262ms] [WARNING] The resource https://www.vietnamairlines.com/content/dam/vna/vna-assets/global/images/header/header-left/NEO%20Avatar.png was preloaded using link preload but not used within a few seconds from the window's load event. Please make sure it has an appropriate `as` value and it is preloaded intentionally. @ https://www.vietnamairlines.com/vn/vi/:0
[ 9558260ms] [WARNING] The resource https://www.vietnamairlines.com/content/dam/vna/vna-assets/global/images/header/header-left/NEO%20Avatar.png was preloaded using link preload but not used within a few seconds from the window's load event. Please make sure it has an appropriate `as` value and it is preloaded intentionally. @ https://www.vietnamairlines.com/vn/vi/:0
[ 9618407ms] [WARNING] The resource https://www.vietnamairlines.com/content/dam/vna/vna-assets/global/images/header/header-left/NEO%20Avatar.png was preloaded using link preload but not used within a few seconds from the window's load event. Please make sure it has an appropriate `as` value and it is preloaded intentionally. @ https://www.vietnamairlines.com/vn/vi/:0
[ 9624917ms] [WARNING] The resource https://www.vietnamairlines.com/content/dam/vna/vna-assets/global/images/header/header-left/NEO%20Avatar.png was preloaded using link preload but not used within a few seconds from the window's load event. Please make sure it has an appropriate `as` value and it is preloaded intentionally. @ https://www.vietnamairlines.com/vn/vi/:0
